[2025-06-08T18:48:51.093+0000] {taskinstance.py:1956} INFO - Dependencies all met for dep_context=non-requeueable deps ti=<TaskInstance: update_daily_data_dag.trusted_delta_tables_task manual__2025-06-08T18:48:49.417791+00:00 [queued]>
[2025-06-08T18:48:51.101+0000] {taskinstance.py:1956} INFO - Dependencies all met for dep_context=requeueable deps ti=<TaskInstance: update_daily_data_dag.trusted_delta_tables_task manual__2025-06-08T18:48:49.417791+00:00 [queued]>
[2025-06-08T18:48:51.101+0000] {taskinstance.py:2170} INFO - Starting attempt 1 of 1
[2025-06-08T18:48:51.137+0000] {taskinstance.py:2191} INFO - Executing <Task(PythonOperator): trusted_delta_tables_task> on 2025-06-08 18:48:49.417791+00:00
[2025-06-08T18:48:51.143+0000] {standard_task_runner.py:60} INFO - Started process 867 to run task
[2025-06-08T18:48:51.151+0000] {standard_task_runner.py:87} INFO - Running: ['***', 'tasks', 'run', 'update_daily_data_dag', 'trusted_delta_tables_task', 'manual__2025-06-08T18:48:49.417791+00:00', '--job-id', '41', '--raw', '--subdir', 'DAGS_FOLDER/scheduled_task.py', '--cfg-path', '/tmp/tmpoz1_1sf_']
[2025-06-08T18:48:51.156+0000] {standard_task_runner.py:88} INFO - Job 41: Subtask trusted_delta_tables_task
[2025-06-08T18:48:51.180+0000] {logging_mixin.py:188} WARNING - /home/***/.local/lib/python3.10/site-packages/***/settings.py:194 DeprecationWarning: The sql_alchemy_conn option in [core] has been moved to the sql_alchemy_conn option in [database] - the old setting has been used, but please update your config.
[2025-06-08T18:48:51.229+0000] {task_command.py:423} INFO - Running <TaskInstance: update_daily_data_dag.trusted_delta_tables_task manual__2025-06-08T18:48:49.417791+00:00 [running]> on host 7d0db884b06d
[2025-06-08T18:48:51.326+0000] {taskinstance.py:2480} INFO - Exporting env vars: AIRFLOW_CTX_DAG_OWNER='***' AIRFLOW_CTX_DAG_ID='update_daily_data_dag' AIRFLOW_CTX_TASK_ID='trusted_delta_tables_task' AIRFLOW_CTX_EXECUTION_DATE='2025-06-08T18:48:49.417791+00:00' AIRFLOW_CTX_TRY_NUMBER='1' AIRFLOW_CTX_DAG_RUN_ID='manual__2025-06-08T18:48:49.417791+00:00'
[2025-06-08T18:53:23.219+0000] {job.py:213} ERROR - Job heartbeat got an exception
Traceback (most recent call last):
  File "/home/airflow/.local/lib/python3.10/site-packages/sqlalchemy/engine/base.py", line 3371, in _wrap_pool_connect
    return fn()
  File "/home/airflow/.local/lib/python3.10/site-packages/sqlalchemy/pool/base.py", line 327, in connect
    return _ConnectionFairy._checkout(self)
  File "/home/airflow/.local/lib/python3.10/site-packages/sqlalchemy/pool/base.py", line 894, in _checkout
    fairy = _ConnectionRecord.checkout(pool)
  File "/home/airflow/.local/lib/python3.10/site-packages/sqlalchemy/pool/base.py", line 493, in checkout
    rec = pool._do_get()
  File "/home/airflow/.local/lib/python3.10/site-packages/sqlalchemy/pool/impl.py", line 256, in _do_get
    return self._create_connection()
  File "/home/airflow/.local/lib/python3.10/site-packages/sqlalchemy/pool/base.py", line 273, in _create_connection
    return _ConnectionRecord(self)
  File "/home/airflow/.local/lib/python3.10/site-packages/sqlalchemy/pool/base.py", line 388, in __init__
    self.__connect()
  File "/home/airflow/.local/lib/python3.10/site-packages/sqlalchemy/pool/base.py", line 690, in __connect
    with util.safe_reraise():
  File "/home/airflow/.local/lib/python3.10/site-packages/sqlalchemy/util/langhelpers.py", line 70, in __exit__
    compat.raise_(
  File "/home/airflow/.local/lib/python3.10/site-packages/sqlalchemy/util/compat.py", line 211, in raise_
    raise exception
  File "/home/airflow/.local/lib/python3.10/site-packages/sqlalchemy/pool/base.py", line 686, in __connect
    self.dbapi_connection = connection = pool._invoke_creator(self)
  File "/home/airflow/.local/lib/python3.10/site-packages/sqlalchemy/engine/create.py", line 574, in connect
    return dialect.connect(*cargs, **cparams)
  File "/home/airflow/.local/lib/python3.10/site-packages/sqlalchemy/engine/default.py", line 598, in connect
    return self.dbapi.connect(*cargs, **cparams)
  File "/home/airflow/.local/lib/python3.10/site-packages/psycopg2/__init__.py", line 122, in connect
    conn = _connect(dsn, connection_factory=connection_factory, **kwasync)
psycopg2.OperationalError: could not translate host name "postgres" to address: Temporary failure in name resolution


The above exception was the direct cause of the following exception:

Traceback (most recent call last):
  File "/home/airflow/.local/lib/python3.10/site-packages/airflow/jobs/job.py", line 187, in heartbeat
    self._merge_from(Job._fetch_from_db(self, session))
  File "/home/airflow/.local/lib/python3.10/site-packages/airflow/api_internal/internal_api_call.py", line 114, in wrapper
    return func(*args, **kwargs)
  File "/home/airflow/.local/lib/python3.10/site-packages/airflow/utils/session.py", line 76, in wrapper
    return func(*args, **kwargs)
  File "/home/airflow/.local/lib/python3.10/site-packages/airflow/jobs/job.py", line 308, in _fetch_from_db
    session.merge(job)
  File "/home/airflow/.local/lib/python3.10/site-packages/sqlalchemy/orm/session.py", line 3056, in merge
    return self._merge(
  File "/home/airflow/.local/lib/python3.10/site-packages/sqlalchemy/orm/session.py", line 3136, in _merge
    merged = self.get(
  File "/home/airflow/.local/lib/python3.10/site-packages/sqlalchemy/orm/session.py", line 2853, in get
    return self._get_impl(
  File "/home/airflow/.local/lib/python3.10/site-packages/sqlalchemy/orm/session.py", line 2975, in _get_impl
    return db_load_fn(
  File "/home/airflow/.local/lib/python3.10/site-packages/sqlalchemy/orm/loading.py", line 530, in load_on_pk_identity
    session.execute(
  File "/home/airflow/.local/lib/python3.10/site-packages/sqlalchemy/orm/session.py", line 1716, in execute
    conn = self._connection_for_bind(bind)
  File "/home/airflow/.local/lib/python3.10/site-packages/sqlalchemy/orm/session.py", line 1555, in _connection_for_bind
    return self._transaction._connection_for_bind(
  File "/home/airflow/.local/lib/python3.10/site-packages/sqlalchemy/orm/session.py", line 750, in _connection_for_bind
    conn = bind.connect()
  File "/home/airflow/.local/lib/python3.10/site-packages/sqlalchemy/future/engine.py", line 412, in connect
    return super(Engine, self).connect()
  File "/home/airflow/.local/lib/python3.10/site-packages/sqlalchemy/engine/base.py", line 3325, in connect
    return self._connection_cls(self, close_with_result=close_with_result)
  File "/home/airflow/.local/lib/python3.10/site-packages/sqlalchemy/engine/base.py", line 96, in __init__
    else engine.raw_connection()
  File "/home/airflow/.local/lib/python3.10/site-packages/sqlalchemy/engine/base.py", line 3404, in raw_connection
    return self._wrap_pool_connect(self.pool.connect, _connection)
  File "/home/airflow/.local/lib/python3.10/site-packages/sqlalchemy/engine/base.py", line 3374, in _wrap_pool_connect
    Connection._handle_dbapi_exception_noconnection(
  File "/home/airflow/.local/lib/python3.10/site-packages/sqlalchemy/engine/base.py", line 2208, in _handle_dbapi_exception_noconnection
    util.raise_(
  File "/home/airflow/.local/lib/python3.10/site-packages/sqlalchemy/util/compat.py", line 211, in raise_
    raise exception
  File "/home/airflow/.local/lib/python3.10/site-packages/sqlalchemy/engine/base.py", line 3371, in _wrap_pool_connect
    return fn()
  File "/home/airflow/.local/lib/python3.10/site-packages/sqlalchemy/pool/base.py", line 327, in connect
    return _ConnectionFairy._checkout(self)
  File "/home/airflow/.local/lib/python3.10/site-packages/sqlalchemy/pool/base.py", line 894, in _checkout
    fairy = _ConnectionRecord.checkout(pool)
  File "/home/airflow/.local/lib/python3.10/site-packages/sqlalchemy/pool/base.py", line 493, in checkout
    rec = pool._do_get()
  File "/home/airflow/.local/lib/python3.10/site-packages/sqlalchemy/pool/impl.py", line 256, in _do_get
    return self._create_connection()
  File "/home/airflow/.local/lib/python3.10/site-packages/sqlalchemy/pool/base.py", line 273, in _create_connection
    return _ConnectionRecord(self)
  File "/home/airflow/.local/lib/python3.10/site-packages/sqlalchemy/pool/base.py", line 388, in __init__
    self.__connect()
  File "/home/airflow/.local/lib/python3.10/site-packages/sqlalchemy/pool/base.py", line 690, in __connect
    with util.safe_reraise():
  File "/home/airflow/.local/lib/python3.10/site-packages/sqlalchemy/util/langhelpers.py", line 70, in __exit__
    compat.raise_(
  File "/home/airflow/.local/lib/python3.10/site-packages/sqlalchemy/util/compat.py", line 211, in raise_
    raise exception
  File "/home/airflow/.local/lib/python3.10/site-packages/sqlalchemy/pool/base.py", line 686, in __connect
    self.dbapi_connection = connection = pool._invoke_creator(self)
  File "/home/airflow/.local/lib/python3.10/site-packages/sqlalchemy/engine/create.py", line 574, in connect
    return dialect.connect(*cargs, **cparams)
  File "/home/airflow/.local/lib/python3.10/site-packages/sqlalchemy/engine/default.py", line 598, in connect
    return self.dbapi.connect(*cargs, **cparams)
  File "/home/airflow/.local/lib/python3.10/site-packages/psycopg2/__init__.py", line 122, in connect
    conn = _connect(dsn, connection_factory=connection_factory, **kwasync)
sqlalchemy.exc.OperationalError: (psycopg2.OperationalError) could not translate host name "postgres" to address: Temporary failure in name resolution

(Background on this error at: https://sqlalche.me/e/14/e3q8)
[2025-06-08T18:53:28.057+0000] {job.py:221} ERROR - Job heartbeat failed with error. Scheduler is in unhealthy state
[2025-06-08T18:53:49.770+0000] {job.py:221} ERROR - Job heartbeat failed with error. Scheduler is in unhealthy state
[2025-06-08T18:54:39.775+0000] {job.py:221} ERROR - Job heartbeat failed with error. Scheduler is in unhealthy state
[2025-06-08T18:54:40.591+0000] {clientserver.py:538} INFO - Error while receiving.
Traceback (most recent call last):
  File "/home/airflow/.local/lib/python3.10/site-packages/py4j/clientserver.py", line 516, in send_command
    raise Py4JNetworkError("Answer from Java side is empty")
py4j.protocol.Py4JNetworkError: Answer from Java side is empty
[2025-06-08T18:54:40.852+0000] {clientserver.py:543} INFO - Closing down clientserver connection
[2025-06-08T18:54:40.863+0000] {java_gateway.py:1055} ERROR - Exception while sending command.
Traceback (most recent call last):
  File "/home/airflow/.local/lib/python3.10/site-packages/py4j/clientserver.py", line 516, in send_command
    raise Py4JNetworkError("Answer from Java side is empty")
py4j.protocol.Py4JNetworkError: Answer from Java side is empty

During handling of the above exception, another exception occurred:

Traceback (most recent call last):
  File "/home/airflow/.local/lib/python3.10/site-packages/py4j/java_gateway.py", line 1038, in send_command
    response = connection.send_command(command)
  File "/home/airflow/.local/lib/python3.10/site-packages/py4j/clientserver.py", line 539, in send_command
    raise Py4JNetworkError(
py4j.protocol.Py4JNetworkError: Error while sending or receiving
[2025-06-08T18:54:40.871+0000] {clientserver.py:543} INFO - Closing down clientserver connection
[2025-06-08T18:54:40.883+0000] {logging_mixin.py:188} INFO - Error: An error occurred while calling o794.save
[2025-06-08T18:54:40.893+0000] {python.py:201} INFO - Done. Returned value was: False
[2025-06-08T18:54:41.702+0000] {clientserver.py:538} INFO - Error while receiving.
Traceback (most recent call last):
  File "/home/airflow/.local/lib/python3.10/site-packages/py4j/clientserver.py", line 516, in send_command
    raise Py4JNetworkError("Answer from Java side is empty")
py4j.protocol.Py4JNetworkError: Answer from Java side is empty
[2025-06-08T18:54:41.730+0000] {clientserver.py:543} INFO - Closing down clientserver connection
[2025-06-08T18:54:41.750+0000] {java_gateway.py:1055} ERROR - Exception while sending command.
Traceback (most recent call last):
  File "/home/airflow/.local/lib/python3.10/site-packages/py4j/clientserver.py", line 516, in send_command
    raise Py4JNetworkError("Answer from Java side is empty")
py4j.protocol.Py4JNetworkError: Answer from Java side is empty

During handling of the above exception, another exception occurred:

Traceback (most recent call last):
  File "/home/airflow/.local/lib/python3.10/site-packages/py4j/java_gateway.py", line 1038, in send_command
    response = connection.send_command(command)
  File "/home/airflow/.local/lib/python3.10/site-packages/py4j/clientserver.py", line 539, in send_command
    raise Py4JNetworkError(
py4j.protocol.Py4JNetworkError: Error while sending or receiving
[2025-06-08T18:54:41.758+0000] {clientserver.py:543} INFO - Closing down clientserver connection
[2025-06-08T18:54:42.034+0000] {clientserver.py:543} INFO - Closing down clientserver connection
[2025-06-08T18:54:42.275+0000] {clientserver.py:543} INFO - Closing down clientserver connection
[2025-06-08T18:54:42.278+0000] {clientserver.py:543} INFO - Closing down clientserver connection
[2025-06-08T18:54:42.280+0000] {clientserver.py:543} INFO - Closing down clientserver connection
[2025-06-08T18:54:42.282+0000] {clientserver.py:543} INFO - Closing down clientserver connection
[2025-06-08T18:54:42.283+0000] {clientserver.py:543} INFO - Closing down clientserver connection
[2025-06-08T18:54:42.284+0000] {clientserver.py:543} INFO - Closing down clientserver connection
[2025-06-08T18:54:42.285+0000] {clientserver.py:543} INFO - Closing down clientserver connection
[2025-06-08T18:54:42.402+0000] {clientserver.py:543} INFO - Closing down clientserver connection
[2025-06-08T18:54:42.403+0000] {clientserver.py:543} INFO - Closing down clientserver connection
[2025-06-08T18:54:42.403+0000] {clientserver.py:543} INFO - Closing down clientserver connection
[2025-06-08T18:54:42.405+0000] {clientserver.py:543} INFO - Closing down clientserver connection
[2025-06-08T18:54:42.406+0000] {clientserver.py:543} INFO - Closing down clientserver connection
[2025-06-08T18:54:42.409+0000] {clientserver.py:543} INFO - Closing down clientserver connection
[2025-06-08T18:54:42.410+0000] {clientserver.py:543} INFO - Closing down clientserver connection
[2025-06-08T18:54:42.410+0000] {clientserver.py:543} INFO - Closing down clientserver connection
[2025-06-08T18:54:42.412+0000] {clientserver.py:543} INFO - Closing down clientserver connection
[2025-06-08T18:54:42.412+0000] {clientserver.py:543} INFO - Closing down clientserver connection
[2025-06-08T18:54:42.414+0000] {clientserver.py:543} INFO - Closing down clientserver connection
[2025-06-08T18:54:42.415+0000] {clientserver.py:543} INFO - Closing down clientserver connection
[2025-06-08T18:54:42.416+0000] {clientserver.py:543} INFO - Closing down clientserver connection
[2025-06-08T18:54:42.417+0000] {clientserver.py:543} INFO - Closing down clientserver connection
[2025-06-08T18:54:42.418+0000] {clientserver.py:543} INFO - Closing down clientserver connection
[2025-06-08T18:54:42.419+0000] {clientserver.py:543} INFO - Closing down clientserver connection
[2025-06-08T18:54:42.420+0000] {clientserver.py:543} INFO - Closing down clientserver connection
[2025-06-08T18:54:42.421+0000] {clientserver.py:543} INFO - Closing down clientserver connection
[2025-06-08T18:54:42.421+0000] {clientserver.py:543} INFO - Closing down clientserver connection
[2025-06-08T18:54:42.422+0000] {clientserver.py:543} INFO - Closing down clientserver connection
[2025-06-08T18:54:42.422+0000] {clientserver.py:543} INFO - Closing down clientserver connection
[2025-06-08T18:54:42.423+0000] {clientserver.py:543} INFO - Closing down clientserver connection
[2025-06-08T18:54:42.423+0000] {clientserver.py:543} INFO - Closing down clientserver connection
[2025-06-08T18:54:42.424+0000] {clientserver.py:543} INFO - Closing down clientserver connection
[2025-06-08T18:54:42.425+0000] {clientserver.py:543} INFO - Closing down clientserver connection
[2025-06-08T18:54:42.426+0000] {clientserver.py:543} INFO - Closing down clientserver connection
[2025-06-08T18:54:42.426+0000] {clientserver.py:543} INFO - Closing down clientserver connection
[2025-06-08T18:54:42.427+0000] {clientserver.py:543} INFO - Closing down clientserver connection
[2025-06-08T18:54:42.428+0000] {clientserver.py:543} INFO - Closing down clientserver connection
[2025-06-08T18:54:42.428+0000] {clientserver.py:543} INFO - Closing down clientserver connection
[2025-06-08T18:54:42.429+0000] {clientserver.py:543} INFO - Closing down clientserver connection
[2025-06-08T18:54:42.429+0000] {clientserver.py:543} INFO - Closing down clientserver connection
[2025-06-08T18:54:42.430+0000] {clientserver.py:543} INFO - Closing down clientserver connection
[2025-06-08T18:54:42.430+0000] {clientserver.py:543} INFO - Closing down clientserver connection
[2025-06-08T18:54:42.430+0000] {clientserver.py:543} INFO - Closing down clientserver connection
[2025-06-08T18:54:42.431+0000] {clientserver.py:543} INFO - Closing down clientserver connection
[2025-06-08T18:54:42.431+0000] {clientserver.py:543} INFO - Closing down clientserver connection
[2025-06-08T18:54:42.432+0000] {clientserver.py:543} INFO - Closing down clientserver connection
[2025-06-08T18:54:42.432+0000] {clientserver.py:543} INFO - Closing down clientserver connection
[2025-06-08T18:54:42.432+0000] {clientserver.py:543} INFO - Closing down clientserver connection
[2025-06-08T18:54:42.433+0000] {clientserver.py:543} INFO - Closing down clientserver connection
[2025-06-08T18:54:42.433+0000] {clientserver.py:543} INFO - Closing down clientserver connection
[2025-06-08T18:54:42.433+0000] {clientserver.py:543} INFO - Closing down clientserver connection
[2025-06-08T18:54:42.434+0000] {clientserver.py:543} INFO - Closing down clientserver connection
[2025-06-08T18:54:42.434+0000] {clientserver.py:543} INFO - Closing down clientserver connection
[2025-06-08T18:54:42.434+0000] {clientserver.py:543} INFO - Closing down clientserver connection
[2025-06-08T18:54:42.435+0000] {clientserver.py:543} INFO - Closing down clientserver connection
[2025-06-08T18:54:42.435+0000] {clientserver.py:543} INFO - Closing down clientserver connection
[2025-06-08T18:54:42.435+0000] {clientserver.py:543} INFO - Closing down clientserver connection
[2025-06-08T18:54:42.436+0000] {clientserver.py:543} INFO - Closing down clientserver connection
[2025-06-08T18:54:42.436+0000] {clientserver.py:543} INFO - Closing down clientserver connection
[2025-06-08T18:54:42.436+0000] {clientserver.py:543} INFO - Closing down clientserver connection
[2025-06-08T18:54:42.437+0000] {clientserver.py:543} INFO - Closing down clientserver connection
[2025-06-08T18:54:42.437+0000] {clientserver.py:543} INFO - Closing down clientserver connection
[2025-06-08T18:54:42.437+0000] {clientserver.py:543} INFO - Closing down clientserver connection
[2025-06-08T18:54:42.438+0000] {clientserver.py:543} INFO - Closing down clientserver connection
[2025-06-08T18:54:42.439+0000] {clientserver.py:543} INFO - Closing down clientserver connection
[2025-06-08T18:54:42.440+0000] {clientserver.py:543} INFO - Closing down clientserver connection
[2025-06-08T18:54:42.440+0000] {clientserver.py:543} INFO - Closing down clientserver connection
[2025-06-08T18:54:42.441+0000] {clientserver.py:543} INFO - Closing down clientserver connection
[2025-06-08T18:54:42.441+0000] {clientserver.py:543} INFO - Closing down clientserver connection
[2025-06-08T18:54:42.442+0000] {clientserver.py:543} INFO - Closing down clientserver connection
[2025-06-08T18:54:42.442+0000] {clientserver.py:543} INFO - Closing down clientserver connection
[2025-06-08T18:54:42.443+0000] {clientserver.py:543} INFO - Closing down clientserver connection
[2025-06-08T18:54:42.443+0000] {clientserver.py:543} INFO - Closing down clientserver connection
[2025-06-08T18:54:42.444+0000] {clientserver.py:543} INFO - Closing down clientserver connection
[2025-06-08T18:54:42.444+0000] {clientserver.py:543} INFO - Closing down clientserver connection
[2025-06-08T18:54:42.446+0000] {clientserver.py:543} INFO - Closing down clientserver connection
[2025-06-08T18:54:42.446+0000] {clientserver.py:543} INFO - Closing down clientserver connection
[2025-06-08T18:54:42.447+0000] {clientserver.py:543} INFO - Closing down clientserver connection
[2025-06-08T18:54:42.447+0000] {clientserver.py:543} INFO - Closing down clientserver connection
[2025-06-08T18:54:42.448+0000] {clientserver.py:543} INFO - Closing down clientserver connection
[2025-06-08T18:54:42.448+0000] {clientserver.py:543} INFO - Closing down clientserver connection
[2025-06-08T18:54:42.449+0000] {clientserver.py:543} INFO - Closing down clientserver connection
[2025-06-08T18:54:42.450+0000] {clientserver.py:543} INFO - Closing down clientserver connection
[2025-06-08T18:54:42.450+0000] {clientserver.py:543} INFO - Closing down clientserver connection
[2025-06-08T18:54:42.451+0000] {clientserver.py:543} INFO - Closing down clientserver connection
[2025-06-08T18:54:42.451+0000] {clientserver.py:543} INFO - Closing down clientserver connection
[2025-06-08T18:54:42.452+0000] {clientserver.py:543} INFO - Closing down clientserver connection
[2025-06-08T18:54:42.453+0000] {clientserver.py:543} INFO - Closing down clientserver connection
[2025-06-08T18:54:42.454+0000] {clientserver.py:543} INFO - Closing down clientserver connection
[2025-06-08T18:54:42.455+0000] {clientserver.py:543} INFO - Closing down clientserver connection
[2025-06-08T18:54:42.455+0000] {clientserver.py:543} INFO - Closing down clientserver connection
[2025-06-08T18:54:42.456+0000] {clientserver.py:543} INFO - Closing down clientserver connection
[2025-06-08T18:54:42.456+0000] {clientserver.py:543} INFO - Closing down clientserver connection
[2025-06-08T18:54:42.457+0000] {clientserver.py:543} INFO - Closing down clientserver connection
[2025-06-08T18:54:42.458+0000] {clientserver.py:543} INFO - Closing down clientserver connection
[2025-06-08T18:54:42.458+0000] {clientserver.py:543} INFO - Closing down clientserver connection
[2025-06-08T18:54:42.459+0000] {clientserver.py:543} INFO - Closing down clientserver connection
[2025-06-08T18:54:42.460+0000] {clientserver.py:543} INFO - Closing down clientserver connection
[2025-06-08T18:54:42.460+0000] {clientserver.py:543} INFO - Closing down clientserver connection
[2025-06-08T18:54:42.461+0000] {clientserver.py:543} INFO - Closing down clientserver connection
[2025-06-08T18:54:42.462+0000] {clientserver.py:543} INFO - Closing down clientserver connection
[2025-06-08T18:54:42.462+0000] {clientserver.py:543} INFO - Closing down clientserver connection
[2025-06-08T18:54:42.463+0000] {clientserver.py:543} INFO - Closing down clientserver connection
[2025-06-08T18:54:42.464+0000] {clientserver.py:543} INFO - Closing down clientserver connection
[2025-06-08T18:54:42.464+0000] {clientserver.py:543} INFO - Closing down clientserver connection
[2025-06-08T18:54:42.465+0000] {clientserver.py:543} INFO - Closing down clientserver connection
[2025-06-08T18:54:42.466+0000] {clientserver.py:543} INFO - Closing down clientserver connection
[2025-06-08T18:54:42.467+0000] {clientserver.py:543} INFO - Closing down clientserver connection
[2025-06-08T18:54:42.467+0000] {clientserver.py:543} INFO - Closing down clientserver connection
[2025-06-08T18:54:42.468+0000] {clientserver.py:543} INFO - Closing down clientserver connection
[2025-06-08T18:54:42.469+0000] {clientserver.py:543} INFO - Closing down clientserver connection
[2025-06-08T18:54:42.470+0000] {clientserver.py:543} INFO - Closing down clientserver connection
[2025-06-08T18:54:42.470+0000] {clientserver.py:543} INFO - Closing down clientserver connection
[2025-06-08T18:54:42.472+0000] {clientserver.py:543} INFO - Closing down clientserver connection
[2025-06-08T18:54:42.473+0000] {clientserver.py:543} INFO - Closing down clientserver connection
[2025-06-08T18:54:42.474+0000] {clientserver.py:543} INFO - Closing down clientserver connection
[2025-06-08T18:54:42.474+0000] {clientserver.py:543} INFO - Closing down clientserver connection
[2025-06-08T18:54:42.475+0000] {clientserver.py:543} INFO - Closing down clientserver connection
[2025-06-08T18:54:42.476+0000] {clientserver.py:543} INFO - Closing down clientserver connection
[2025-06-08T18:54:42.476+0000] {clientserver.py:543} INFO - Closing down clientserver connection
[2025-06-08T18:54:42.477+0000] {clientserver.py:543} INFO - Closing down clientserver connection
[2025-06-08T18:54:42.477+0000] {clientserver.py:543} INFO - Closing down clientserver connection
[2025-06-08T18:54:42.479+0000] {clientserver.py:543} INFO - Closing down clientserver connection
[2025-06-08T18:54:42.480+0000] {clientserver.py:543} INFO - Closing down clientserver connection
[2025-06-08T18:54:42.481+0000] {clientserver.py:543} INFO - Closing down clientserver connection
[2025-06-08T18:54:42.482+0000] {clientserver.py:543} INFO - Closing down clientserver connection
[2025-06-08T18:54:42.483+0000] {clientserver.py:543} INFO - Closing down clientserver connection
[2025-06-08T18:54:42.484+0000] {clientserver.py:543} INFO - Closing down clientserver connection
[2025-06-08T18:54:42.485+0000] {clientserver.py:543} INFO - Closing down clientserver connection
[2025-06-08T18:54:42.486+0000] {clientserver.py:543} INFO - Closing down clientserver connection
[2025-06-08T18:54:42.488+0000] {clientserver.py:543} INFO - Closing down clientserver connection
[2025-06-08T18:54:42.488+0000] {clientserver.py:543} INFO - Closing down clientserver connection
[2025-06-08T18:54:42.489+0000] {clientserver.py:543} INFO - Closing down clientserver connection
[2025-06-08T18:54:42.490+0000] {clientserver.py:543} INFO - Closing down clientserver connection
[2025-06-08T18:54:42.490+0000] {clientserver.py:543} INFO - Closing down clientserver connection
[2025-06-08T18:54:42.491+0000] {clientserver.py:543} INFO - Closing down clientserver connection
[2025-06-08T18:54:42.492+0000] {clientserver.py:543} INFO - Closing down clientserver connection
[2025-06-08T18:54:42.493+0000] {clientserver.py:543} INFO - Closing down clientserver connection
[2025-06-08T18:54:42.493+0000] {clientserver.py:543} INFO - Closing down clientserver connection
[2025-06-08T18:54:42.494+0000] {clientserver.py:543} INFO - Closing down clientserver connection
[2025-06-08T18:54:42.495+0000] {clientserver.py:543} INFO - Closing down clientserver connection
[2025-06-08T18:54:42.496+0000] {clientserver.py:543} INFO - Closing down clientserver connection
[2025-06-08T18:54:42.497+0000] {clientserver.py:543} INFO - Closing down clientserver connection
[2025-06-08T18:54:42.497+0000] {clientserver.py:543} INFO - Closing down clientserver connection
[2025-06-08T18:54:42.498+0000] {clientserver.py:543} INFO - Closing down clientserver connection
[2025-06-08T18:54:42.499+0000] {clientserver.py:543} INFO - Closing down clientserver connection
[2025-06-08T18:54:42.499+0000] {clientserver.py:543} INFO - Closing down clientserver connection
[2025-06-08T18:54:42.500+0000] {clientserver.py:543} INFO - Closing down clientserver connection
[2025-06-08T18:54:42.500+0000] {clientserver.py:543} INFO - Closing down clientserver connection
[2025-06-08T18:54:42.501+0000] {clientserver.py:543} INFO - Closing down clientserver connection
[2025-06-08T18:54:42.502+0000] {clientserver.py:543} INFO - Closing down clientserver connection
[2025-06-08T18:54:42.502+0000] {clientserver.py:543} INFO - Closing down clientserver connection
[2025-06-08T18:54:42.503+0000] {clientserver.py:543} INFO - Closing down clientserver connection
[2025-06-08T18:54:42.504+0000] {clientserver.py:543} INFO - Closing down clientserver connection
[2025-06-08T18:54:42.504+0000] {clientserver.py:543} INFO - Closing down clientserver connection
[2025-06-08T18:54:42.505+0000] {clientserver.py:543} INFO - Closing down clientserver connection
[2025-06-08T18:54:42.506+0000] {clientserver.py:543} INFO - Closing down clientserver connection
[2025-06-08T18:54:42.506+0000] {clientserver.py:543} INFO - Closing down clientserver connection
[2025-06-08T18:54:42.507+0000] {clientserver.py:543} INFO - Closing down clientserver connection
[2025-06-08T18:54:42.507+0000] {clientserver.py:543} INFO - Closing down clientserver connection
[2025-06-08T18:54:42.508+0000] {clientserver.py:543} INFO - Closing down clientserver connection
[2025-06-08T18:54:42.691+0000] {clientserver.py:543} INFO - Closing down clientserver connection
[2025-06-08T18:54:42.691+0000] {clientserver.py:543} INFO - Closing down clientserver connection
[2025-06-08T18:54:42.692+0000] {clientserver.py:543} INFO - Closing down clientserver connection
[2025-06-08T18:54:42.692+0000] {clientserver.py:543} INFO - Closing down clientserver connection
[2025-06-08T18:54:42.693+0000] {clientserver.py:543} INFO - Closing down clientserver connection
[2025-06-08T18:54:42.693+0000] {clientserver.py:543} INFO - Closing down clientserver connection
[2025-06-08T18:54:42.694+0000] {clientserver.py:543} INFO - Closing down clientserver connection
[2025-06-08T18:54:42.694+0000] {clientserver.py:543} INFO - Closing down clientserver connection
[2025-06-08T18:54:42.694+0000] {clientserver.py:543} INFO - Closing down clientserver connection
[2025-06-08T18:54:42.695+0000] {clientserver.py:543} INFO - Closing down clientserver connection
[2025-06-08T18:54:42.696+0000] {clientserver.py:543} INFO - Closing down clientserver connection
[2025-06-08T18:54:42.697+0000] {clientserver.py:543} INFO - Closing down clientserver connection
[2025-06-08T18:54:42.697+0000] {clientserver.py:543} INFO - Closing down clientserver connection
[2025-06-08T18:54:42.698+0000] {clientserver.py:543} INFO - Closing down clientserver connection
[2025-06-08T18:54:42.698+0000] {clientserver.py:543} INFO - Closing down clientserver connection
[2025-06-08T18:54:42.699+0000] {clientserver.py:543} INFO - Closing down clientserver connection
[2025-06-08T18:54:42.699+0000] {clientserver.py:543} INFO - Closing down clientserver connection
[2025-06-08T18:54:42.700+0000] {clientserver.py:543} INFO - Closing down clientserver connection
[2025-06-08T18:54:42.701+0000] {clientserver.py:543} INFO - Closing down clientserver connection
[2025-06-08T18:54:42.701+0000] {clientserver.py:543} INFO - Closing down clientserver connection
[2025-06-08T18:54:42.702+0000] {clientserver.py:543} INFO - Closing down clientserver connection
[2025-06-08T18:54:42.702+0000] {clientserver.py:543} INFO - Closing down clientserver connection
[2025-06-08T18:54:42.703+0000] {clientserver.py:543} INFO - Closing down clientserver connection
[2025-06-08T18:54:42.703+0000] {clientserver.py:543} INFO - Closing down clientserver connection
[2025-06-08T18:54:42.704+0000] {clientserver.py:543} INFO - Closing down clientserver connection
[2025-06-08T18:54:42.704+0000] {clientserver.py:543} INFO - Closing down clientserver connection
[2025-06-08T18:54:42.705+0000] {clientserver.py:543} INFO - Closing down clientserver connection
[2025-06-08T18:54:42.705+0000] {clientserver.py:543} INFO - Closing down clientserver connection
[2025-06-08T18:54:42.706+0000] {clientserver.py:543} INFO - Closing down clientserver connection
[2025-06-08T18:54:42.707+0000] {clientserver.py:543} INFO - Closing down clientserver connection
[2025-06-08T18:54:42.707+0000] {clientserver.py:543} INFO - Closing down clientserver connection
[2025-06-08T18:54:42.708+0000] {clientserver.py:543} INFO - Closing down clientserver connection
[2025-06-08T18:54:42.708+0000] {clientserver.py:543} INFO - Closing down clientserver connection
[2025-06-08T18:54:42.709+0000] {clientserver.py:543} INFO - Closing down clientserver connection
[2025-06-08T18:54:42.710+0000] {clientserver.py:543} INFO - Closing down clientserver connection
[2025-06-08T18:54:42.710+0000] {clientserver.py:543} INFO - Closing down clientserver connection
[2025-06-08T18:54:42.711+0000] {clientserver.py:543} INFO - Closing down clientserver connection
[2025-06-08T18:54:42.711+0000] {clientserver.py:543} INFO - Closing down clientserver connection
[2025-06-08T18:54:42.729+0000] {clientserver.py:543} INFO - Closing down clientserver connection
[2025-06-08T18:54:42.749+0000] {clientserver.py:543} INFO - Closing down clientserver connection
[2025-06-08T18:54:42.766+0000] {clientserver.py:543} INFO - Closing down clientserver connection
[2025-06-08T18:54:42.778+0000] {clientserver.py:543} INFO - Closing down clientserver connection
[2025-06-08T18:54:42.795+0000] {clientserver.py:543} INFO - Closing down clientserver connection
[2025-06-08T18:54:42.818+0000] {clientserver.py:543} INFO - Closing down clientserver connection
[2025-06-08T18:54:42.835+0000] {clientserver.py:543} INFO - Closing down clientserver connection
[2025-06-08T18:54:42.838+0000] {clientserver.py:543} INFO - Closing down clientserver connection
[2025-06-08T18:54:42.839+0000] {clientserver.py:543} INFO - Closing down clientserver connection
[2025-06-08T18:54:42.839+0000] {clientserver.py:543} INFO - Closing down clientserver connection
[2025-06-08T18:54:42.840+0000] {clientserver.py:543} INFO - Closing down clientserver connection
[2025-06-08T18:54:42.851+0000] {clientserver.py:543} INFO - Closing down clientserver connection
[2025-06-08T18:54:42.869+0000] {clientserver.py:543} INFO - Closing down clientserver connection
[2025-06-08T18:54:42.894+0000] {clientserver.py:543} INFO - Closing down clientserver connection
[2025-06-08T18:54:42.911+0000] {clientserver.py:543} INFO - Closing down clientserver connection
[2025-06-08T18:54:42.924+0000] {clientserver.py:543} INFO - Closing down clientserver connection
[2025-06-08T18:54:42.925+0000] {clientserver.py:543} INFO - Closing down clientserver connection
[2025-06-08T18:54:42.942+0000] {clientserver.py:543} INFO - Closing down clientserver connection
[2025-06-08T18:54:42.954+0000] {clientserver.py:543} INFO - Closing down clientserver connection
[2025-06-08T18:54:42.976+0000] {clientserver.py:543} INFO - Closing down clientserver connection
[2025-06-08T18:54:42.988+0000] {clientserver.py:543} INFO - Closing down clientserver connection
[2025-06-08T18:54:42.996+0000] {clientserver.py:543} INFO - Closing down clientserver connection
[2025-06-08T18:54:42.996+0000] {clientserver.py:543} INFO - Closing down clientserver connection
[2025-06-08T18:54:42.997+0000] {clientserver.py:543} INFO - Closing down clientserver connection
[2025-06-08T18:54:42.997+0000] {clientserver.py:543} INFO - Closing down clientserver connection
[2025-06-08T18:54:42.998+0000] {clientserver.py:543} INFO - Closing down clientserver connection
[2025-06-08T18:54:43.011+0000] {clientserver.py:543} INFO - Closing down clientserver connection
[2025-06-08T18:54:43.018+0000] {clientserver.py:543} INFO - Closing down clientserver connection
[2025-06-08T18:54:43.018+0000] {clientserver.py:543} INFO - Closing down clientserver connection
[2025-06-08T18:54:43.019+0000] {clientserver.py:543} INFO - Closing down clientserver connection
[2025-06-08T18:54:43.061+0000] {clientserver.py:543} INFO - Closing down clientserver connection
[2025-06-08T18:54:43.080+0000] {clientserver.py:543} INFO - Closing down clientserver connection
[2025-06-08T18:54:43.099+0000] {clientserver.py:543} INFO - Closing down clientserver connection
[2025-06-08T18:54:43.104+0000] {clientserver.py:543} INFO - Closing down clientserver connection
[2025-06-08T18:54:43.104+0000] {clientserver.py:543} INFO - Closing down clientserver connection
[2025-06-08T18:54:43.105+0000] {clientserver.py:543} INFO - Closing down clientserver connection
[2025-06-08T18:54:43.106+0000] {clientserver.py:543} INFO - Closing down clientserver connection
[2025-06-08T18:54:43.165+0000] {taskinstance.py:1138} INFO - Marking task as SUCCESS. dag_id=update_daily_data_dag, task_id=trusted_delta_tables_task, execution_date=20250608T184849, start_date=20250608T184851, end_date=20250608T185443
[2025-06-08T18:54:43.335+0000] {local_task_job_runner.py:234} INFO - Task exited with return code 0
[2025-06-08T18:54:43.737+0000] {taskinstance.py:3280} INFO - 1 downstream tasks scheduled from follow-on schedule check
